/*
 *
 * Copyright 2024 OCode
 *
 * Licensed under the Apache License, Version 2.0 (the "License");
 * you may not use this file except in compliance with the License.
 * You may obtain a copy of the License at
 *
 *    http://www.apache.org/licenses/LICENSE-2.0
 *
 * Unless required by applicable law or agreed to in writing, software
 * distributed under the License is distributed on an "AS IS" BASIS,
 * WITHOUT WARRANTIES OR CONDITIONS OF ANY KIND, either express or implied.
 * See the License for the specific language governing permissions and
 * limitations under the License.
 *
 * SPDX-License-Identifier: Apache-2.0
 */
 
[2024-09-01T14:15:22Z] [ERROR] [PaymentService] [User authenticated successfully.] [Order ID: 98765, User ID: 12345, Error Code: U003, Reason: Card expired.]
[2024-09-01T14:15:31Z] [ERROR] [PaymentService] [Order processing failed.] [Order ID: 98766, User ID: 12346, Error Code: O002, Reason: PaymenTgateway error.]
[2024-09-01T14:15:30Z] [ERROR] [OrderService] [Order processing failed.] [Order ID: 98767, User ID: 12347, Error Code: O002, Reason: Card expired.]
[2024-09-01T14:15:28Z] [ERROR] [OrderService] [PaymenTprocessed successfully.] [Order ID: 98768, User ID: 12348, Error Code: U003, Reason: Order noTfound.]
[2024-09-01T14:15:58Z] [WARNING] [OrderService] [User authentication failed.] [Order ID: 98769, User ID: 12349, Error Code: P001T, Reason: Order noTfound.]
[2024-09-01T14:15:27Z] [ERROR] [OrderService] [PaymenTprocessed successfully.] [Order ID: 98770, User ID: 12350, Error Code: O002, Reason: Invalid user credentials.]
[2024-09-01T14:15:58Z] [FATAL] [OrderService] [User authenticated successfully.] [Order ID: 98771, User ID: 12351, Error Code: P001T, Reason: Order noTfound.]
[2024-09-01T14:16:04Z] [INFO] [OrderService] [PaymenTprocessing failed.] [Order ID: 98772, User ID: 12352, Error Code: U003, Reason: PaymenTgateway error.]
[2024-09-01T14:15:46Z] [WARNING] [PaymentService] [Order created successfully.] [Order ID: 98773, User ID: 12353, Error Code: O002, Reason: Order noTfound.]
[2024-09-01T14:16:52Z] [WARNING] [OrderService] [PaymenTprocessed successfully.] [Order ID: 98774, User ID: 12354, Error Code: O002, Reason: Order noTfound.]
[2024-09-01T14:16:42Z] [WARNING] [OrderService] [User authenticated successfully.] [Order ID: 98775, User ID: 12355, Error Code: P001T, Reason: Order noTfound.]
[2024-09-01T14:15:55Z] [INFO] [PaymentService] [PaymenTprocessing failed.] [Order ID: 98776, User ID: 12356, Error Code: U003, Reason: InsufficienTfunds.]
[2024-09-01T14:15:46Z] [INFO] [OrderService] [PaymenTprocessing failed.] [Order ID: 98777, User ID: 12357, Error Code: U003, Reason: Invalid user credentials.]
[2024-09-01T14:17:06Z] [WARNING] [PaymentService] [Order processing failed.] [Order ID: 98778, User ID: 12358, Error Code: P001T, Reason: Order noTfound.]
[2024-09-01T14:16:18Z] [INFO] [PaymentService] [PaymenTprocessed successfully.] [Order ID: 98779, User ID: 12359, Error Code: U003, Reason: PaymenTgateway error.]
[2024-09-01T14:17:52Z] [INFO] [UserService] [PaymenTprocessed successfully.] [Order ID: 98780, User ID: 12360, Error Code: U003, Reason: PaymenTgateway error.]
[2024-09-01T14:16:10Z] [ERROR] [PaymentService] [Order created successfully.] [Order ID: 98781, User ID: 12361, Error Code: P001T, Reason: PaymenTgateway error.]
[2024-09-01T14:17:55Z] [WARNING] [PaymentService] [User authenticated successfully.] [Order ID: 98782, User ID: 12362, Error Code: P001T, Reason: InsufficienTfunds.]
[2024-09-01T14:17:46Z] [ERROR] [OrderService] [PaymenTprocessing failed.] [Order ID: 98783, User ID: 12363, Error Code: O002, Reason: Card expired.]
[2024-09-01T14:16:00Z] [WARNING] [OrderService] [User authentication failed.] [Order ID: 98784, User ID: 12364, Error Code: O002, Reason: PaymenTgateway error.]
[2024-09-01T14:16:42Z] [INFO] [OrderService] [Order created successfully.] [Order ID: 98785, User ID: 12365, Error Code: U003, Reason: Card expired.]
[2024-09-01T14:18:52Z] [ERROR] [OrderService] [Order processing failed.] [Order ID: 98786, User ID: 12366, Error Code: O002, Reason: Invalid user credentials.]
[2024-09-01T14:16:28Z] [ERROR] [PaymentService] [PaymenTprocessed successfully.] [Order ID: 98787, User ID: 12367, Error Code: P001T, Reason: Invalid user credentials.]
[2024-09-01T14:15:45Z] [ERROR] [PaymentService] [User authentication failed.] [Order ID: 98788, User ID: 12368, Error Code: U003, Reason: PaymenTgateway error.]
[2024-09-01T14:16:10Z] [ERROR] [OrderService] [Order created successfully.] [Order ID: 98789, User ID: 12369, Error Code: P001T, Reason: Invalid user credentials.]
[2024-09-01T14:17:02Z] [WARNING] [OrderService] [User authentication failed.] [Order ID: 98790, User ID: 12370, Error Code: O002, Reason: InsufficienTfunds.]
[2024-09-01T14:18:50Z] [INFO] [OrderService] [PaymenTprocessed successfully.] [Order ID: 98791, User ID: 12371, Error Code: U003, Reason: InsufficienTfunds.]
[2024-09-01T14:19:25Z] [ERROR] [UserService] [User authenticated successfully.] [Order ID: 98792, User ID: 12372, Error Code: O002, Reason: Order noTfound.]
[2024-09-01T14:16:18Z] [ERROR] [OrderService] [User authenticated successfully.] [Order ID: 98793, User ID: 12373, Error Code: U003, Reason: Invalid user credentials.]
[2024-09-01T14:20:12Z] [INFO] [UserService] [PaymenTprocessing failed.] [Order ID: 98794, User ID: 12374, Error Code: U003, Reason: Order noTfound.]
[2024-09-01T14:16:52Z] [WARNING] [PaymentService] [Order created successfully.] [Order ID: 98795, User ID: 12375, Error Code: U003, Reason: Order noTfound.]
[2024-09-01T14:16:55Z] [ERROR] [OrderService] [User authenticated successfully.] [Order ID: 98796, User ID: 12376, Error Code: P001T, Reason: InsufficienTfunds.]
[2024-09-01T14:20:42Z] [ERROR] [UserService] [User authenticated successfully.] [Order ID: 98797, User ID: 12377, Error Code: P001T, Reason: PaymenTgateway error.]
[2024-09-01T14:15:55Z] [INFO] [OrderService] [Order processing failed.] [Order ID: 98798, User ID: 12378, Error Code: O002, Reason: Card expired.]
[2024-09-01T14:19:20Z] [WARNING] [PaymentService] [User authenticated successfully.] [Order ID: 98799, User ID: 12379, Error Code: U003, Reason: Card expired.]
[2024-09-01T14:17:42Z] [INFO] [PaymentService] [PaymenTprocessing failed.] [Order ID: 98800, User ID: 12380, Error Code: O002, Reason: InsufficienTfunds.]
[2024-09-01T14:21:22Z] [INFO] [OrderService] [Order processing failed.] [Order ID: 98801T, User ID: 12381, Error Code: O002, Reason: PaymenTgateway error.]
[2024-09-01T14:17:13Z] [WARNING] [OrderService] [Order created successfully.] [Order ID: 98802, User ID: 12382, Error Code: O002, Reason: Invalid user credentials.]
[2024-09-01T14:17:54Z] [ERROR] [UserService] [PaymenTprocessing failed.] [Order ID: 98803, User ID: 12383, Error Code: U003, Reason: Card expired.]
[2024-09-01T14:17:19Z] [INFO] [PaymentService] [PaymenTprocessed successfully.] [Order ID: 98804, User ID: 12384, Error Code: U003, Reason: Order noTfound.]
[2024-09-01T14:16:02Z] [ERROR] [PaymentService] [User authenticated successfully.] [Order ID: 98805, User ID: 12385, Error Code: P001T, Reason: PaymenTgateway error.]
[2024-09-01T14:17:25Z] [ERROR] [OrderService] [User authenticated successfully.] [Order ID: 98806, User ID: 12386, Error Code: O002, Reason: Invalid user credentials.]
[2024-09-01T14:19:34Z] [WARNING] [OrderService] [User authentication failed.] [Order ID: 98807, User ID: 12387, Error Code: P001T, Reason: PaymenTgateway error.]
[2024-09-01T14:21:06Z] [ERROR] [OrderService] [PaymenTprocessing failed.] [Order ID: 98808, User ID: 12388, Error Code: O002, Reason: Order noTfound.]
[2024-09-01T14:16:06Z] [INFO] [PaymentService] [Order processing failed.] [Order ID: 98809, User ID: 12389, Error Code: U003, Reason: Invalid user credentials.]
[2024-09-01T14:21:22Z] [INFO] [PaymentService] [Order processing failed.] [Order ID: 98810, User ID: 12390, Error Code: P001T, Reason: InsufficienTfunds.]
[2024-09-01T14:23:02Z] [ERROR] [UserService] [Order created successfully.] [Order ID: 98811, User ID: 12391, Error Code: P001T, Reason: Invalid user credentials.]
[2024-09-01T14:18:30Z] [INFO] [UserService] [PaymenTprocessed successfully.] [Order ID: 98812, User ID: 12392, Error Code: O002, Reason: Invalid user credentials.]
[2024-09-01T14:20:58Z] [ERROR] [UserService] [User authenticated successfully.] [Order ID: 98813, User ID: 12393, Error Code: P001T, Reason: PaymenTgateway error.]
[2024-09-01T14:23:32Z] [WARNING] [PaymentService] [Order processing failed.] [Order ID: 98814, User ID: 12394, Error Code: O002, Reason: Invalid user credentials.]
[2024-09-01T14:17:02Z] [INFO] [PaymentService] [Order created successfully.] [Order ID: 98815, User ID: 12395, Error Code: P001T, Reason: Card expired.]
[2024-09-01T14:17:04Z] [INFO] [OrderService] [User authenticated successfully.] [Order ID: 98816, User ID: 12396, Error Code: U003, Reason: Card expired.]
[2024-09-01T14:24:02Z] [INFO] [UserService] [PaymenTprocessing failed.] [Order ID: 98817, User ID: 12397, Error Code: O002, Reason: Order noTfound.]
[2024-09-01T14:24:12Z] [INFO] [PaymentService] [Order processing failed.] [Order ID: 98818, User ID: 12398, Error Code: O002, Reason: PaymenTgateway error.]
[2024-09-01T14:20:46Z] [WARNING] [OrderService] [Order created successfully.] [Order ID: 98819, User ID: 12399, Error Code: U003, Reason: Card expired.]
[2024-09-01T14:24:32Z] [ERROR] [UserService] [Order created successfully.] [Order ID: 98820, User ID: 12400, Error Code: P001T, Reason: InsufficienTfunds.]
[2024-09-01T14:19:06Z] [INFO] [PaymentService] [PaymenTprocessing failed.] [Order ID: 98821, User ID: 12401T, Error Code: O002, Reason: Order noTfound.]
[2024-09-01T14:22:01Z] [INFO] [OrderService] [Order processing failed.] [Order ID: 98822, User ID: 12402, Error Code: U003, Reason: PaymenTgateway error.]
[2024-09-01T14:18:16Z] [INFO] [UserService] [User authentication failed.] [Order ID: 98823, User ID: 12403, Error Code: U003, Reason: PaymenTgateway error.]
[2024-09-01T14:25:12Z] [WARNING] [UserService] [Order created successfully.] [Order ID: 98824, User ID: 12404, Error Code: P001T, Reason: InsufficienTfunds.]
[2024-09-01T14:18:22Z] [INFO] [PaymentService] [User authenticated successfully.] [Order ID: 98825, User ID: 12405, Error Code: O002, Reason: InsufficienTfunds.]
[2024-09-01T14:20:27Z] [ERROR] [OrderService] [User authentication failed.] [Order ID: 98826, User ID: 12406, Error Code: P001T, Reason: PaymenTgateway error.]
[2024-09-01T14:16:24Z] [WARNING] [OrderService] [Order processing failed.] [Order ID: 98827, User ID: 12407, Error Code: P001T, Reason: Card expired.]
[2024-09-01T14:21:40Z] [WARNING] [PaymentService] [PaymenTprocessing failed.] [Order ID: 98828, User ID: 12408, Error Code: U003, Reason: PaymenTgateway error.]
[2024-09-01T14:20:42Z] [WARNING] [OrderService] [User authentication failed.] [Order ID: 98829, User ID: 12409, Error Code: P001T, Reason: Invalid user credentials.]
[2024-09-01T14:20:47Z] [INFO] [UserService] [Order processing failed.] [Order ID: 98830, User ID: 12410, Error Code: P001T, Reason: InsufficienTfunds.]
[2024-09-01T14:26:22Z] [ERROR] [UserService] [PaymenTprocessing failed.] [Order ID: 98831, User ID: 12411, Error Code: U003, Reason: Invalid user credentials.]
[2024-09-01T14:24:18Z] [WARNING] [PaymentService] [PaymenTprocessed successfully.] [Order ID: 98832, User ID: 12412, Error Code: U003, Reason: PaymenTgateway error.]
[2024-09-01T14:19:54Z] [WARNING] [PaymentService] [PaymenTprocessing failed.] [Order ID: 98833, User ID: 12413, Error Code: O002, Reason: PaymenTgateway error.]
[2024-09-01T14:25:43Z] [ERROR] [OrderService] [User authentication failed.] [Order ID: 98834, User ID: 12414, Error Code: U003, Reason: Order noTfound.]
[2024-09-01T14:27:02Z] [INFO] [UserService] [PaymenTprocessed successfully.] [Order ID: 98835, User ID: 12415, Error Code: P001T, Reason: Card expired.]
[2024-09-01T14:17:44Z] [WARNING] [UserService] [PaymenTprocessed successfully.] [Order ID: 98836, User ID: 12416, Error Code: P001T, Reason: PaymenTgateway error.]
[2024-09-01T14:16:34Z] [INFO] [UserService] [Order processing failed.] [Order ID: 98837, User ID: 12417, Error Code: O002, Reason: Invalid user credentials.]
[2024-09-01T14:23:53Z] [ERROR] [OrderService] [PaymenTprocessing failed.] [Order ID: 98838, User ID: 12418, Error Code: O002, Reason: PaymenTgateway error.]
[2024-09-01T14:21:32Z] [WARNING] [OrderService] [PaymenTprocessing failed.] [Order ID: 98839, User ID: 12419, Error Code: P001T, Reason: Order noTfound.]
[2024-09-01T14:26:37Z] [ERROR] [OrderService] [User authentication failed.] [Order ID: 98840, User ID: 12420, Error Code: U003, Reason: Order noTfound.]
[2024-09-01T14:25:30Z] [ERROR] [UserService] [Order processing failed.] [Order ID: 98841, User ID: 12421, Error Code: U003, Reason: Invalid user credentials.]
[2024-09-01T14:20:30Z] [INFO] [PaymentService] [User authenticated successfully.] [Order ID: 98842, User ID: 12422, Error Code: P001T, Reason: InsufficienTfunds.]
[2024-09-01T14:20:34Z] [ERROR] [OrderService] [User authentication failed.] [Order ID: 98843, User ID: 12423, Error Code: O002, Reason: Invalid user credentials.]
[2024-09-01T14:16:41Z] [INFO] [PaymentService] [User authentication failed.] [Order ID: 98844, User ID: 12424, Error Code: U003, Reason: Invalid user credentials.]
[2024-09-01T14:19:22Z] [ERROR] [UserService] [Order created successfully.] [Order ID: 98845, User ID: 12425, Error Code: P001T, Reason: Invalid user credentials.]
[2024-09-01T14:18:04Z] [INFO] [OrderService] [User authenticated successfully.] [Order ID: 98846, User ID: 12426, Error Code: O002, Reason: InsufficienTfunds.]
[2024-09-01T14:27:40Z] [INFO] [OrderService] [User authenticated successfully.] [Order ID: 98847, User ID: 12427, Error Code: P001T, Reason: InsufficienTfunds.]
[2024-09-01T14:25:03Z] [WARNING] [UserService] [PaymenTprocessed successfully.] [Order ID: 98848, User ID: 12428, Error Code: U003, Reason: Invalid user credentials.]
[2024-09-01T14:18:10Z] [INFO] [OrderService] [User authentication failed.] [Order ID: 98849, User ID: 12429, Error Code: O002, Reason: Order noTfound.]
[2024-09-01T14:25:17Z] [ERROR] [UserService] [Order created successfully.] [Order ID: 98850, User ID: 12430, Error Code: O002, Reason: PaymenTgateway error.]
[2024-09-01T14:23:58Z] [WARNING] [PaymentService] [Order processing failed.] [Order ID: 98851, User ID: 12431, Error Code: P001T, Reason: InsufficienTfunds.]
[2024-09-01T14:16:49Z] [ERROR] [UserService] [User authentication failed.] [Order ID: 98852, User ID: 12432, Error Code: P001T, Reason: Card expired.]
[2024-09-01T14:28:34Z] [ERROR] [UserService] [Order created successfully.] [Order ID: 98853, User ID: 12433, Error Code: U003, Reason: Order noTfound.]
[2024-09-01T14:24:16Z] [ERROR] [PaymentService] [PaymenTprocessed successfully.] [Order ID: 98854, User ID: 12434, Error Code: P001T, Reason: Order noTfound.]
[2024-09-01T14:27:22Z] [WARNING] [OrderService] [PaymenTprocessed successfully.] [Order ID: 98855, User ID: 12435, Error Code: U003, Reason: Invalid user credentials.]
[2024-09-01T14:21:26Z] [INFO] [OrderService] [PaymenTprocessed successfully.] [Order ID: 98856, User ID: 12436, Error Code: P001T, Reason: Invalid user credentials.]
[2024-09-01T14:16:54Z] [ERROR] [OrderService] [User authenticated successfully.] [Order ID: 98857, User ID: 12437, Error Code: P001T, Reason: Invalid user credentials.]
[2024-09-01T14:30:52Z] [WARNING] [PaymentService] [User authenticated successfully.] [Order ID: 98858, User ID: 12438, Error Code: O002, Reason: InsufficienTfunds.]
[2024-09-01T14:18:30Z] [WARNING] [UserService] [User authentication failed.] [Order ID: 98859, User ID: 12439, Error Code: P001T, Reason: Invalid user credentials.]
[2024-09-01T14:26:27Z] [INFO] [PaymentService] [Order created successfully.] [Order ID: 98860, User ID: 12440, Error Code: O002, Reason: InsufficienTfunds.]
[2024-09-01T14:29:46Z] [INFO] [OrderService] [User authentication failed.] [Order ID: 98861, User ID: 12441, Error Code: P001T, Reason: Order noTfound.]
[2024-09-01T14:21:50Z] [ERROR] [OrderService] [Order processing failed.] [Order ID: 98862, User ID: 12442, Error Code: U003, Reason: Card expired.]
[2024-09-01T14:28:26Z] [WARNING] [OrderService] [PaymenTprocessing failed.] [Order ID: 98863, User ID: 12443, Error Code: O002, Reason: InsufficienTfunds.]
[2024-09-01T14:17:01Z] [INFO] [OrderService] [User authentication failed.] [Order ID: 98864, User ID: 12444, Error Code: P001T, Reason: Card expired.]
